Arguments: 
  C:\Program Files\nodejs\node.exe C:\Users\xiaomi\AppData\Roaming\npm\node_modules\yarn\bin\yarn.js start

PATH: 
  C:\Program Files (x86)\Common Files\Oracle\Java\javapath;C:\Program Files\Common Files\Oracle\Java\javapath;C:\ProgramData\Oracle\Java\javapath;C:\Program Files (x86)\Intel\iCLS Client\;C:\Program Files\Intel\iCLS Client\;C:\Windows\system32;C:\Windows;C:\Windows\System32\Wbem;C:\Windows\System32\WindowsPowerShell\v1.0\;C:\Program Files (x86)\NVIDIA Corporation\PhysX\Common;C:\Program Files (x86)\Intel\Intel(R) Management Engine Components\DAL;C:\Program Files\Intel\Intel(R) Management Engine Components\DAL;C:\Program Files (x86)\Intel\Intel(R) Management Engine Components\IPT;C:\Program Files\Intel\Intel(R) Management Engine Components\IPT;C:\WINDOWS\system32;C:\WINDOWS;C:\WINDOWS\System32\Wbem;C:\WINDOWS\System32\WindowsPowerShell\v1.0\;C:\WINDOWS\System32\OpenSSH\;C:\Program Files\NVIDIA Corporation\NVIDIA NvDLISR;C:\Program Files\Intel\WiFi\bin\;C:\Program Files\Common Files\Intel\WirelessCommon\;C:\Program Files\Microsoft SQ;C:\Program Files\Git\cmd;C:\Program Files\nodejs\;C:\WINDOWS\system32;C:\WINDOWS;C:\WINDOWS\System32\Wbem;C:\WINDOWS\System32\WindowsPowerShell\v1.0\;C:\WINDOWS\System32\OpenSSH\;C:\Program Files\Microsoft SQL Server\Client SDK\ODBC\170\Tools\Binn\;C:\Program Files\dotnet\;C:\Program Files\MySQL\MySQL Shell 8.0\bin\;C:\Users\xiaomi\AppData\Local\Programs\Python\Python38-32\Scripts\;C:\Users\xiaomi\AppData\Local\Programs\Python\Python38-32\;C:\Users\xiaomi\AppData\Local\Microsoft\WindowsApps;C:\Program Files\Intel\WiFi\bin\;C:\Program Files\Common Files\Intel\WirelessCommon\;C:\ffmpeg\bin;C:\Users\xiaomi\.dotnet\tools;C:\Users\xiaomi\AppData\Roaming\npm;C:\Users\xiaomi\AppData\Local\Programs\Microsoft VS Code\bin;C:\Program Files\JetBrains\IntelliJ IDEA 2020.2\bin;;C:\Users\xiaomi\AppData\Local\GitHubDesktop\bin;C:\Users\xiaomi\AppData\Local\Microsoft\WindowsApps;C:\Users\xiaomi\.dotnet\tools

Yarn version: 
  1.22.17

Node version: 
  12.18.1

Platform: 
  win32 x64

Trace: 
  SyntaxError: C:\Users\xiaomi\Desktop\Work\NCE\WebApp\WebAppNC\package.json: Unexpected token / in JSON at position 211
      at JSON.parse (<anonymous>)
      at C:\Users\xiaomi\AppData\Roaming\npm\node_modules\yarn\lib\cli.js:1625:59
      at Generator.next (<anonymous>)
      at step (C:\Users\xiaomi\AppData\Roaming\npm\node_modules\yarn\lib\cli.js:310:30)
      at C:\Users\xiaomi\AppData\Roaming\npm\node_modules\yarn\lib\cli.js:321:13

npm manifest: 
  {
    "name": "WebAppNC",
    "version": "1.0.0",
    "main": "index.js",
    "repository": "git@github.com:inrusakov/WebAppNC.git",
    "author": "",
    "license": "MIT",
    "scripts": {
      "start": "webpack-dev-server"  // скрипт для старта сервера
    },
    "dependencies": {
      "vue": "^2.6.14",
      "vue-resource": "^1.5.3", // для доступа к ресурсам с контроллера
      "vuetify": "^2.6.0"  // библиотека компонентов
    },
    "devDependencies": {
      "@babel/core": "^7.16.0",
      "@babel/preset-env": "^7.16.0",
      "babel-loader": "^8.2.3",
      "css-loader": "^6.5.1",
      "vue-loader": "^15.9.8",
      "vue-style-loader": "^4.1.3",
      "vue-template-compiler": "^2.6.14", // позволяет разбивать компоненты на три секции: template, script, style
      "webpack": "^5.64.0",   // для webpack зависимости
      "webpack-cli": "^4.9.1",
      "webpack-dev-server": "^4.4.0"
    }
  }

yarn manifest: 
  No manifest

Lockfile: 
  No lockfile
